0 info it worked if it ends with ok
1 verbose cli [ '/Users/lokesh/.nvm/versions/node/v7.4.0/bin/node',
1 verbose cli   '/Users/lokesh/.nvm/versions/node/v7.4.0/bin/npm',
1 verbose cli   'run',
1 verbose cli   'gulp' ]
2 info using npm@4.0.5
3 info using node@v7.4.0
4 verbose run-script [ 'pregulp', 'gulp', 'postgulp' ]
5 info lifecycle website-helper@1.0.0~pregulp: website-helper@1.0.0
6 silly lifecycle website-helper@1.0.0~pregulp: no script for pregulp, continuing
7 info lifecycle website-helper@1.0.0~gulp: website-helper@1.0.0
8 verbose lifecycle website-helper@1.0.0~gulp: unsafe-perm in lifecycle true
9 verbose lifecycle website-helper@1.0.0~gulp: PATH: /Users/lokesh/.nvm/versions/node/v7.4.0/lib/node_modules/npm/bin/node-gyp-bin:/Users/lokesh/Documents/personal/deepak_web/deepak_creator/node_modules/.bin:/Users/lokesh/.nvm/versions/node/v7.4.0/bin:/Users/lokesh/.rvm/gems/ruby-2.3.4/bin:/Users/lokesh/.rvm/gems/ruby-2.3.4@global/bin:/Users/lokesh/.rvm/rubies/ruby-2.3.4/bin:/usr/local/bin:/usr/bin:/bin:/usr/sbin:/sbin:/Users/lokesh/.rvm/bin
10 verbose lifecycle website-helper@1.0.0~gulp: CWD: /Users/lokesh/Documents/personal/deepak_web/deepak_creator
11 silly lifecycle website-helper@1.0.0~gulp: Args: [ '-c', 'gulp' ]
12 silly lifecycle website-helper@1.0.0~gulp: Returned: code: 1  signal: null
13 info lifecycle website-helper@1.0.0~gulp: Failed to exec gulp script
14 verbose stack Error: website-helper@1.0.0 gulp: `gulp`
14 verbose stack Exit status 1
14 verbose stack     at EventEmitter.<anonymous> (/Users/lokesh/.nvm/versions/node/v7.4.0/lib/node_modules/npm/lib/utils/lifecycle.js:279:16)
14 verbose stack     at emitTwo (events.js:106:13)
14 verbose stack     at EventEmitter.emit (events.js:191:7)
14 verbose stack     at ChildProcess.<anonymous> (/Users/lokesh/.nvm/versions/node/v7.4.0/lib/node_modules/npm/lib/utils/spawn.js:40:14)
14 verbose stack     at emitTwo (events.js:106:13)
14 verbose stack     at ChildProcess.emit (events.js:191:7)
14 verbose stack     at maybeClose (internal/child_process.js:885:16)
14 verbose stack     at Process.ChildProcess._handle.onexit (internal/child_process.js:226:5)
15 verbose pkgid website-helper@1.0.0
16 verbose cwd /Users/lokesh/Documents/personal/deepak_web/deepak_creator
17 error Darwin 15.6.0
18 error argv "/Users/lokesh/.nvm/versions/node/v7.4.0/bin/node" "/Users/lokesh/.nvm/versions/node/v7.4.0/bin/npm" "run" "gulp"
19 error node v7.4.0
20 error npm  v4.0.5
21 error code ELIFECYCLE
22 error website-helper@1.0.0 gulp: `gulp`
22 error Exit status 1
23 error Failed at the website-helper@1.0.0 gulp script 'gulp'.
23 error Make sure you have the latest version of node.js and npm installed.
23 error If you do, this is most likely a problem with the website-helper package,
23 error not with npm itself.
23 error Tell the author that this fails on your system:
23 error     gulp
23 error You can get information on how to open an issue for this project with:
23 error     npm bugs website-helper
23 error Or if that isn't available, you can get their info via:
23 error     npm owner ls website-helper
23 error There is likely additional logging output above.
24 verbose exit [ 1, true ]
